1774255018628	geckodriver	INFO	Listening on 127.0.0.1:64223
1774255021781	mozrunner::runner	INFO	Running command: "C:\\Program Files\\Mozilla Firefox\\firefox.exe" "--marionette" "--remote-debugging-port" "64224" "--remote-allow-hosts" "localhost" "-no-remote" "-profile" "C:\\Users\\NAGYTA~1\\AppData\\Local\\Temp\\rust_mozprofileRr8P0c"
console.warn: services.settings: Ignoring preference override of remote settings server
console.warn: services.settings: Allow by setting MOZ_REMOTE_SETTINGS_DEVTOOLS=1 in the environment
Dynamically enable window occlusion 0
1774255022105	Marionette	INFO	Marionette enabled
1774255022268	Marionette	INFO	Listening on port 49643
WebDriver BiDi listening on ws://127.0.0.1:64224
Read port: 49643
1774255022399	RemoteAgent	WARN	TLS certificate errors will be ignored for this session
console.warn: RSLoader: Recipe new-tab-14802025121163751-to-release-146 not returned from collection nimbus-secure-experiments because it contains feature newtabTrainhopAddon, which is disallowed for that collection.
console.warn: RSLoader: Recipe new-tab-14802025121163751-to-release-14702 not returned from collection nimbus-secure-experiments because it contains feature newtabTrainhopAddon, which is disallowed for that collection.
console.warn: RSLoader: Recipe new-tab-14912026012151415-to-release-14703-14704 not returned from collection nimbus-secure-experiments because it contains feature newtabTrainhopAddon, which is disallowed for that collection.
console.warn: RSLoader: Recipe new-tab-150120260304231049-to-beta-149 not returned from collection nimbus-secure-experiments because it contains feature newtabTrainhopAddon, which is disallowed for that collection.
console.warn: RSLoader: Recipe new-tab-150120260304231049-to-release-148 not returned from collection nimbus-secure-experiments because it contains feature newtabTrainhopAddon, which is disallowed for that collection.
console.warn: LoginRecipes: "Falling back to a synchronous message for: https://parking-garage-app.netlify.app."
console.warn: LoginRecipes: "Falling back to a synchronous message for: https://parking-garage-app.netlify.app."
1774255031884	Marionette	INFO	Stopped listening on port 49643
Dynamically enable window occlusion 1
console.error: "Failed to fetch https://ads.mozilla.org/v1/delete_user:" "NetworkError when attempting to fetch resource."
console.warn: TopSitesFeed: Failed to fetch data from MARS server: NetworkError when attempting to fetch resource.
JavaScript error: resource://services-settings/RemoteSettingsClient.sys.mjs, line 101: Error: Unknown callback
